testLogin Start
testLogin Ê§°Ü
login test Finish
testLogin Start
testLogin Start
testLogin Start
login test Finish
testLogin Start
testLogin Start
testLogin Start
login test Finish
testLogin Start
testLogin Start
testLogin Start
login test Finish
testLogin Start
testLogin Start
testLogin Start
login test Finish
testLogin Start
testLogin Start
testLogin Start
login test Finish
testLogin Start
testLogin Start
testLogin Start
login test Finish
testLogin Start
testLogin Ê§°Ü
login test Finish
testLogin Start
testLogin Start
testLogin Start
login test Finish
testLogin Start
testLogin Ê§°Ü
testLogin Ê§°Ü
login test Finish
testLogin Start
testLogin Ê§°Ü
testLogin Start
testLogin Ê§°Ü
testLogin Start
testLogin Ê§°Ü
login test Finish
testLogin Start
testLogin Success
testLogin Start
testLogin Ê§°Ü
testLogin Ê§°Ü
login test Finish
testLogin Start
testLogin Start
testLogin Start
login test Finish
testLogin Start
testLogin Start
testLogin Start
login test Finish
testLogin Start
testLogin Ê§°Ü
testUserAdd Start
testUserDelete Start
testUserAdd Success
testLogin Start
testLogin Ê§°Ü
testLogin Ê§°Ü
useradd Finish
userdelete Finish
login test Finish
testLogin Start
testLogin Success
testLogin Start
testLogin Ê§°Ü
testLogin Start
testLogin Ê§°Ü
login test Finish
testUserDelete Start
testUserDelete Ê§°Ü
useradd Finish
testUserAdd Start
testUserAdd Ê§°Ü
userdelete Finish
testLogin Start
testLogin Success
testLogin Start
testLogin Ê§°Ü
testLogin Start
testLogin Ê§°Ü
login test Finish
testUserDelete Start
testUserDelete Ê§°Ü
useradd Finish
testUserAdd Start
testUserAdd Ê§°Ü
userdelete Finish
testLogin Start
testLogin Success
testLogin Start
testLogin Ê§°Ü
testLogin Start
testLogin Ê§°Ü
login test Finish
testUserDelete Start
testUserDelete Ê§°Ü
useradd Finish
testUserAdd Start
testUserAdd Ê§°Ü
userdelete Finish
testLogin Start
testLogin Success
testLogin Start
testLogin Ê§°Ü
testLogin Start
testLogin Ê§°Ü
login test Finish
testUserDelete Start
testUserDelete Ê§°Ü
useradd Finish
testUserAdd Start
testUserAdd Ê§°Ü
userdelete Finish
testLogin Start
testLogin Success
testLogin Start
testLogin Ê§°Ü
testLogin Ê§°Ü
login test Finish
testUserDelete Start
testUserDelete Ê§°Ü
useradd Finish
testUserAdd Start
testUserAdd Ê§°Ü
userdelete Finish
testLogin Start
testLogin Success
testLogin Start
testLogin Ê§°Ü
testLogin Start
testLogin Ê§°Ü
login test Finish
testUserDelete Start
testUserDelete Ê§°Ü
useradd Finish
testUserAdd Start
testUserAdd Ê§°Ü
userdelete Finish
testUserDelete Start
testUserDelete Success
useradd Finish
testUserAdd Start
testUserAdd Ê§°Ü
userdelete Finish
testUserAdd Start
testUserAdd Success
userdelete Finish
testUserAdd Start
testUserAdd Success
userdelete Finish
testUserDelete Start
testUserDelete Ê§°Ü
useradd Finish
testUserAdd Start
testLogin Start
testUserDelete Start
testLogin Ê§°Ü
testLogin Start
testLogin Ê§°Ü
testLogin Start
testLogin Ê§°Ü
testLogin Ê§°Ü
userdelete Finish
useradd Finish
login test Finish
testLogin Start
testLogin Ê§°Ü
testLogin Ê§°Ü
testUserAdd Start
testUserDelete Start
testUserDelete Ê§°Ü
testUserAdd Ê§°Ü
userdelete Finish
useradd Finish
login test Finish
testLogin Start
testUserDelete Start
testUserAdd Start
testLogin Ê§°Ü
testLogin Start
useradd Finish
testLogin Ê§°Ü
userdelete Finish
testLogin Start
testLogin Ê§°Ü
login test Finish
testUserAdd Start
testUserAdd Success
testUserDelete Start
useradd Finish
userdelete Finish
testUserDelete Start
testUserAdd Start
testUserDelete Success
testUserAdd Success
useradd Finish
userdelete Finish
testUserAdd Start
testUserAdd Success
testLogin Start
userdelete Finish
testUserDelete Start
testUserDelete Ê§°Ü
useradd Finish
testLogin Success
testLogin Start
testLogin Ê§°Ü
testLogin Start
testLogin Ê§°Ü
login test Finish
